build/app/intermediates/manifest_merge_blame_file/debug/manifest-merger-blame-debug-report.txt
1<?xml version="1.0" encoding="utf-8"?>
2<manifest xmlns:android="http://schemas.android.com/apk/res/android"
3    package="com.deliveryboy.multivendor"
4    android:versionCode="2"
5    android:versionName="1.0.0" >
6
7    <uses-sdk
8        android:minSdkVersion="21"
9        android:targetSdkVersion="33" />
10    <!--
11         Flutter needs it to communicate with the running application
12         to allow setting breakpoints, to provide hot reload, etc.
13    -->
14    <uses-permission android:name="android.permission.INTERNET" />
14-->src\main\AndroidManifest.xml:5:5-67
14-->src\main\AndroidManifest.xml:5:22-64
15    <uses-permission android:name="android.permission.WAKE_LOCK" />
15-->[:firebase_messaging] AndroidManifest.xml:10:5-68
15-->[:firebase_messaging] AndroidManifest.xml:10:22-65
16    <uses-permission android:name="android.permission.ACCESS_NETWORK_STATE" /> <!-- Permissions options for the `notification` group -->
16-->[:firebase_messaging] AndroidManifest.xml:11:5-79
16-->[:firebase_messaging] AndroidManifest.xml:11:22-76
17    <uses-permission android:name="android.permission.POST_NOTIFICATIONS" />
17-->[:firebase_messaging] AndroidManifest.xml:13:5-77
17-->[:firebase_messaging] AndroidManifest.xml:13:22-74
18    <uses-permission android:name="android.permission.RECEIVE_BOOT_COMPLETED" />
18-->[:flutter_local_notifications] AndroidManifest.xml:9:5-81
18-->[:flutter_local_notifications] AndroidManifest.xml:9:22-78
19    <uses-permission android:name="android.permission.VIBRATE" />
19-->[:flutter_local_notifications] AndroidManifest.xml:10:5-66
19-->[:flutter_local_notifications] AndroidManifest.xml:10:22-63
20    <uses-permission android:name="android.permission.USE_FULL_SCREEN_INTENT" />
20-->[:flutter_local_notifications] AndroidManifest.xml:11:5-81
20-->[:flutter_local_notifications] AndroidManifest.xml:11:22-78
21    <uses-permission android:name="android.permission.SCHEDULE_EXACT_ALARM" /> <!-- Required by older versions of Google Play services to create IID tokens -->
21-->[:flutter_local_notifications] AndroidManifest.xml:12:5-79
21-->[:flutter_local_notifications] AndroidManifest.xml:12:22-76
22    <uses-permission android:name="com.google.android.c2dm.permission.RECEIVE" />
22-->[com.google.firebase:firebase-messaging:23.1.0] AndroidManifest.xml:28:5-82
22-->[com.google.firebase:firebase-messaging:23.1.0] AndroidManifest.xml:28:22-79
23    <uses-permission android:name="com.google.android.gms.permission.AD_ID" />
23-->[com.google.android.gms:play-services-measurement-api:21.2.0] AndroidManifest.xml:25:5-79
23-->[com.google.android.gms:play-services-measurement-api:21.2.0] AndroidManifest.xml:25:22-76
24    <uses-permission android:name="com.google.android.finsky.permission.BIND_GET_INSTALL_REFERRER_SERVICE" />
24-->[com.google.android.gms:play-services-measurement:21.2.0] AndroidManifest.xml:26:5-110
24-->[com.google.android.gms:play-services-measurement:21.2.0] AndroidManifest.xml:26:22-107
25
26    <application
26-->src\main\AndroidManifest.xml:7:5-58:19
27        android:appComponentFactory="androidx.core.app.CoreComponentFactory"
27-->[androidx.core:core:1.6.0] AndroidManifest.xml:24:18-86
28        android:debuggable="true"
29        android:icon="@mipmap/ic_launcher"
29-->src\main\AndroidManifest.xml:8:9-43
30        android:label="eShop Multi Delivery boy"
30-->src\main\AndroidManifest.xml:9:9-49
31        android:usesCleartextTraffic="true" >
31-->src\main\AndroidManifest.xml:10:9-44
32        <activity
32-->src\main\AndroidManifest.xml:11:9-36:20
33            android:name="com.deliveryboy.multivendor.MainActivity"
33-->src\main\AndroidManifest.xml:12:13-41
34            android:configChanges="orientation|keyboardHidden|keyboard|screenSize|smallestScreenSize|locale|layoutDirection|fontScale|screenLayout|density|uiMode"
34-->src\main\AndroidManifest.xml:13:13-163
35            android:exported="true"
35-->src\main\AndroidManifest.xml:14:13-36
36            android:hardwareAccelerated="true"
36-->src\main\AndroidManifest.xml:15:13-47
37            android:launchMode="singleTop"
37-->src\main\AndroidManifest.xml:16:13-43
38            android:theme="@style/LaunchTheme"
38-->src\main\AndroidManifest.xml:17:13-47
39            android:windowSoftInputMode="adjustResize" >
39-->src\main\AndroidManifest.xml:18:13-55
40
41            <!--
42                 Specifies an Android theme to apply to this Activity as soon as
43                 the Android process has started. This theme is visible to the user
44                 while the Flutter UI initializes. After that, this theme continues
45                 to determine the Window background behind the Flutter UI.
46            -->
47            <meta-data
47-->src\main\AndroidManifest.xml:23:13-25:57
48                android:name="io.flutter.embedding.android.NormalTheme"
48-->src\main\AndroidManifest.xml:24:17-72
49                android:resource="@style/NormalTheme" />
49-->src\main\AndroidManifest.xml:25:17-54
50
51            <intent-filter>
51-->src\main\AndroidManifest.xml:27:13-30:29
52                <action android:name="android.intent.action.MAIN" />
52-->src\main\AndroidManifest.xml:28:17-69
52-->src\main\AndroidManifest.xml:28:25-66
53
54                <category android:name="android.intent.category.LAUNCHER" />
54-->src\main\AndroidManifest.xml:29:17-77
54-->src\main\AndroidManifest.xml:29:27-74
55            </intent-filter>
56            <intent-filter>
56-->src\main\AndroidManifest.xml:32:13-35:29
57                <action android:name="FLUTTER_NOTIFICATION_CLICK" />
57-->src\main\AndroidManifest.xml:33:17-69
57-->src\main\AndroidManifest.xml:33:25-66
58
59                <category android:name="android.intent.category.DEFAULT" />
59-->src\main\AndroidManifest.xml:34:17-76
59-->src\main\AndroidManifest.xml:34:27-73
60            </intent-filter>
61        </activity>
62
63        <receiver
63-->src\main\AndroidManifest.xml:38:9-45:20
64            android:name="com.dexterous.flutterlocalnotifications.ScheduledNotificationBootReceiver"
64-->src\main\AndroidManifest.xml:39:13-101
65            android:exported="false" >
65-->src\main\AndroidManifest.xml:40:13-37
66            <intent-filter>
66-->src\main\AndroidManifest.xml:42:13-44:29
67                <action android:name="android.intent.action.BOOT_COMPLETED" />
67-->src\main\AndroidManifest.xml:43:17-86
67-->src\main\AndroidManifest.xml:43:25-76
68            </intent-filter>
69            <intent-filter>
69-->[:flutter_local_notifications] AndroidManifest.xml:25:13-30:29
70                <action android:name="android.intent.action.BOOT_COMPLETED" />
70-->src\main\AndroidManifest.xml:43:17-86
70-->src\main\AndroidManifest.xml:43:25-76
71                <action android:name="android.intent.action.MY_PACKAGE_REPLACED" />
71-->[:flutter_local_notifications] AndroidManifest.xml:27:17-84
71-->[:flutter_local_notifications] AndroidManifest.xml:27:25-81
72                <action android:name="android.intent.action.QUICKBOOT_POWERON" />
72-->[:flutter_local_notifications] AndroidManifest.xml:28:17-82
72-->[:flutter_local_notifications] AndroidManifest.xml:28:25-79
73                <action android:name="com.htc.intent.action.QUICKBOOT_POWERON" />
73-->[:flutter_local_notifications] AndroidManifest.xml:29:17-82
73-->[:flutter_local_notifications] AndroidManifest.xml:29:25-79
74            </intent-filter>
75        </receiver>
76        <!--
77             Don't delete the meta-data below.
78             This is used by the Flutter tool to generate GeneratedPluginRegistrant.java
79        -->
80
81        <meta-data
81-->src\main\AndroidManifest.xml:49:9-51:56
82            android:name="vn.hunghd.flutterdownloader.NOTIFICATION_ICON"
82-->src\main\AndroidManifest.xml:50:13-73
83            android:resource="@drawable/ic_launcher" />
83-->src\main\AndroidManifest.xml:51:13-53
84        <meta-data
84-->src\main\AndroidManifest.xml:52:9-54:56
85            android:name="com.google.firebase.messaging.default_notification_icon"
85-->src\main\AndroidManifest.xml:53:13-83
86            android:resource="@drawable/ic_launcher" />
86-->src\main\AndroidManifest.xml:54:13-53
87        <meta-data
87-->src\main\AndroidManifest.xml:55:9-57:33
88            android:name="flutterEmbedding"
88-->src\main\AndroidManifest.xml:56:13-44
89            android:value="2" />
89-->src\main\AndroidManifest.xml:57:13-30
90
91        <service
91-->[:firebase_auth] AndroidManifest.xml:10:9-14:19
92            android:name="com.google.firebase.components.ComponentDiscoveryService"
92-->[:firebase_auth] AndroidManifest.xml:10:18-89
93            android:directBootAware="true"
93-->[com.google.firebase:firebase-common:20.2.0] AndroidManifest.xml:34:13-43
94            android:exported="false" >
94-->[com.google.firebase:firebase-messaging:23.1.0] AndroidManifest.xml:54:13-37
95            <meta-data
95-->[:firebase_auth] AndroidManifest.xml:11:13-13:85
96                android:name="com.google.firebase.components:io.flutter.plugins.firebase.auth.FlutterFirebaseAuthRegistrar"
96-->[:firebase_auth] AndroidManifest.xml:12:17-124
97                android:value="com.google.firebase.components.ComponentRegistrar" />
97-->[:firebase_auth] AndroidManifest.xml:13:17-82
98            <meta-data
98-->[:firebase_messaging] AndroidManifest.xml:38:13-40:85
99                android:name="com.google.firebase.components:io.flutter.plugins.firebase.messaging.FlutterFirebaseAppRegistrar"
99-->[:firebase_messaging] AndroidManifest.xml:39:17-128
100                android:value="com.google.firebase.components.ComponentRegistrar" />
100-->[:firebase_messaging] AndroidManifest.xml:40:17-82
101            <meta-data
101-->[:firebase_core] AndroidManifest.xml:11:13-13:85
102                android:name="com.google.firebase.components:io.flutter.plugins.firebase.core.FlutterFirebaseCoreRegistrar"
102-->[:firebase_core] AndroidManifest.xml:12:17-124
103                android:value="com.google.firebase.components.ComponentRegistrar" />
103-->[:firebase_core] AndroidManifest.xml:13:17-82
104            <meta-data
104-->[com.google.firebase:firebase-messaging:23.1.0] AndroidManifest.xml:55:13-57:85
105                android:name="com.google.firebase.components:com.google.firebase.messaging.FirebaseMessagingRegistrar"
105-->[com.google.firebase:firebase-messaging:23.1.0] AndroidManifest.xml:56:17-119
106                android:value="com.google.firebase.components.ComponentRegistrar" />
106-->[com.google.firebase:firebase-messaging:23.1.0] AndroidManifest.xml:57:17-82
107            <meta-data
107-->[com.google.firebase:firebase-datatransport:18.1.7] AndroidManifest.xml:27:13-29:85
108                android:name="com.google.firebase.components:com.google.firebase.datatransport.TransportRegistrar"
108-->[com.google.firebase:firebase-datatransport:18.1.7] AndroidManifest.xml:28:17-115
109                android:value="com.google.firebase.components.ComponentRegistrar" />
109-->[com.google.firebase:firebase-datatransport:18.1.7] AndroidManifest.xml:29:17-82
110            <meta-data
110-->[com.google.firebase:firebase-auth:21.1.0] AndroidManifest.xml:67:13-69:85
111                android:name="com.google.firebase.components:com.google.firebase.auth.FirebaseAuthRegistrar"
111-->[com.google.firebase:firebase-auth:21.1.0] AndroidManifest.xml:68:17-109
112                android:value="com.google.firebase.components.ComponentRegistrar" />
112-->[com.google.firebase:firebase-auth:21.1.0] AndroidManifest.xml:69:17-82
113            <meta-data
113-->[com.google.firebase:firebase-iid:21.1.0] AndroidManifest.xml:32:13-34:85
114                android:name="com.google.firebase.components:com.google.firebase.iid.Registrar"
114-->[com.google.firebase:firebase-iid:21.1.0] AndroidManifest.xml:33:17-96
115                android:value="com.google.firebase.components.ComponentRegistrar" />
115-->[com.google.firebase:firebase-iid:21.1.0] AndroidManifest.xml:34:17-82
116            <meta-data
116-->[com.google.android.gms:play-services-measurement-api:21.2.0] AndroidManifest.xml:31:13-33:85
117                android:name="com.google.firebase.components:com.google.firebase.analytics.connector.internal.AnalyticsConnectorRegistrar"
117-->[com.google.android.gms:play-services-measurement-api:21.2.0] AndroidManifest.xml:32:17-139
118                android:value="com.google.firebase.components.ComponentRegistrar" />
118-->[com.google.android.gms:play-services-measurement-api:21.2.0] AndroidManifest.xml:33:17-82
119            <meta-data
119-->[com.google.firebase:firebase-installations:17.1.0] AndroidManifest.xml:17:13-19:85
120                android:name="com.google.firebase.components:com.google.firebase.installations.FirebaseInstallationsRegistrar"
120-->[com.google.firebase:firebase-installations:17.1.0] AndroidManifest.xml:18:17-127
121                android:value="com.google.firebase.components.ComponentRegistrar" />
121-->[com.google.firebase:firebase-installations:17.1.0] AndroidManifest.xml:19:17-82
122        </service>
123        <service
123-->[:firebase_messaging] AndroidManifest.xml:16:9-19:72
124            android:name="io.flutter.plugins.firebase.messaging.FlutterFirebaseMessagingBackgroundService"
124-->[:firebase_messaging] AndroidManifest.xml:17:13-107
125            android:exported="false"
125-->[:firebase_messaging] AndroidManifest.xml:18:13-37
126            android:permission="android.permission.BIND_JOB_SERVICE" />
126-->[:firebase_messaging] AndroidManifest.xml:19:13-69
127        <service
127-->[:firebase_messaging] AndroidManifest.xml:20:9-26:19
128            android:name="io.flutter.plugins.firebase.messaging.FlutterFirebaseMessagingService"
128-->[:firebase_messaging] AndroidManifest.xml:21:13-97
129            android:exported="false" >
129-->[:firebase_messaging] AndroidManifest.xml:22:13-37
130            <intent-filter>
130-->[:firebase_messaging] AndroidManifest.xml:23:13-25:29
131                <action android:name="com.google.firebase.MESSAGING_EVENT" />
131-->[:firebase_messaging] AndroidManifest.xml:24:17-78
131-->[:firebase_messaging] AndroidManifest.xml:24:25-75
132            </intent-filter>
133        </service>
134
135        <receiver
135-->[:firebase_messaging] AndroidManifest.xml:28:9-35:20
136            android:name="io.flutter.plugins.firebase.messaging.FlutterFirebaseMessagingReceiver"
136-->[:firebase_messaging] AndroidManifest.xml:29:13-98
137            android:exported="true"
137-->[:firebase_messaging] AndroidManifest.xml:30:13-36
138            android:permission="com.google.android.c2dm.permission.SEND" >
138-->[:firebase_messaging] AndroidManifest.xml:31:13-73
139            <intent-filter>
139-->[:firebase_messaging] AndroidManifest.xml:32:13-34:29
140                <action android:name="com.google.android.c2dm.intent.RECEIVE" />
140-->[:firebase_messaging] AndroidManifest.xml:33:17-81
140-->[:firebase_messaging] AndroidManifest.xml:33:25-78
141            </intent-filter>
142        </receiver>
143
144        <provider
144-->[:firebase_messaging] AndroidManifest.xml:43:9-47:38
145            android:name="io.flutter.plugins.firebase.messaging.FlutterFirebaseMessagingInitProvider"
145-->[:firebase_messaging] AndroidManifest.xml:44:13-102
146            android:authorities="com.deliveryboy.multivendor.flutterfirebasemessaginginitprovider"
146-->[:firebase_messaging] AndroidManifest.xml:45:13-88
147            android:exported="false"
147-->[:firebase_messaging] AndroidManifest.xml:46:13-37
148            android:initOrder="99" />
148-->[:firebase_messaging] AndroidManifest.xml:47:13-35
149
150        <receiver
150-->[:flutter_local_notifications] AndroidManifest.xml:16:9-18:40
151            android:name="com.dexterous.flutterlocalnotifications.ActionBroadcastReceiver"
151-->[:flutter_local_notifications] AndroidManifest.xml:17:13-91
152            android:exported="false" />
152-->[:flutter_local_notifications] AndroidManifest.xml:18:13-37
153        <receiver
153-->[:flutter_local_notifications] AndroidManifest.xml:19:9-21:40
154            android:name="com.dexterous.flutterlocalnotifications.ScheduledNotificationReceiver"
154-->[:flutter_local_notifications] AndroidManifest.xml:20:13-97
155            android:exported="false" />
155-->[:flutter_local_notifications] AndroidManifest.xml:21:13-37
156
157        <activity
157-->[:url_launcher_android] AndroidManifest.xml:10:9-13:74
158            android:name="io.flutter.plugins.urllauncher.WebViewActivity"
158-->[:url_launcher_android] AndroidManifest.xml:11:13-74
159            android:exported="false"
159-->[:url_launcher_android] AndroidManifest.xml:12:13-37
160            android:theme="@android:style/Theme.NoTitleBar.Fullscreen" />
160-->[:url_launcher_android] AndroidManifest.xml:13:13-71
161
162        <uses-library
162-->[androidx.window:window:1.0.0-beta04] AndroidManifest.xml:25:9-27:40
163            android:name="androidx.window.extensions"
163-->[androidx.window:window:1.0.0-beta04] AndroidManifest.xml:26:13-54
164            android:required="false" />
164-->[androidx.window:window:1.0.0-beta04] AndroidManifest.xml:27:13-37
165        <uses-library
165-->[androidx.window:window:1.0.0-beta04] AndroidManifest.xml:28:9-30:40
166            android:name="androidx.window.sidecar"
166-->[androidx.window:window:1.0.0-beta04] AndroidManifest.xml:29:13-51
167            android:required="false" />
167-->[androidx.window:window:1.0.0-beta04] AndroidManifest.xml:30:13-37
168
169        <receiver
169-->[com.google.firebase:firebase-messaging:23.1.0] AndroidManifest.xml:31:9-38:20
170            android:name="com.google.firebase.iid.FirebaseInstanceIdReceiver"
170-->[com.google.firebase:firebase-messaging:23.1.0] AndroidManifest.xml:32:13-78
171            android:exported="true"
171-->[com.google.firebase:firebase-messaging:23.1.0] AndroidManifest.xml:33:13-36
172            android:permission="com.google.android.c2dm.permission.SEND" >
172-->[com.google.firebase:firebase-messaging:23.1.0] AndroidManifest.xml:34:13-73
173            <intent-filter>
173-->[:firebase_messaging] AndroidManifest.xml:32:13-34:29
174                <action android:name="com.google.android.c2dm.intent.RECEIVE" />
174-->[:firebase_messaging] AndroidManifest.xml:33:17-81
174-->[:firebase_messaging] AndroidManifest.xml:33:25-78
175            </intent-filter>
176        </receiver>
177        <!--
178             FirebaseMessagingService performs security checks at runtime,
179             but set to not exported to explicitly avoid allowing another app to call it.
180        -->
181        <service
181-->[com.google.firebase:firebase-messaging:23.1.0] AndroidManifest.xml:44:9-51:19
182            android:name="com.google.firebase.messaging.FirebaseMessagingService"
182-->[com.google.firebase:firebase-messaging:23.1.0] AndroidManifest.xml:45:13-82
183            android:directBootAware="true"
183-->[com.google.firebase:firebase-messaging:23.1.0] AndroidManifest.xml:46:13-43
184            android:exported="false" >
184-->[com.google.firebase:firebase-messaging:23.1.0] AndroidManifest.xml:47:13-37
185            <intent-filter android:priority="-500" >
185-->[:firebase_messaging] AndroidManifest.xml:23:13-25:29
186                <action android:name="com.google.firebase.MESSAGING_EVENT" />
186-->[:firebase_messaging] AndroidManifest.xml:24:17-78
186-->[:firebase_messaging] AndroidManifest.xml:24:25-75
187            </intent-filter>
188        </service>
189        <service
189-->[com.google.android.datatransport:transport-backend-cct:3.1.8] AndroidManifest.xml:28:9-34:19
190            android:name="com.google.android.datatransport.runtime.backends.TransportBackendDiscovery"
190-->[com.google.android.datatransport:transport-backend-cct:3.1.8] AndroidManifest.xml:29:13-103
191            android:exported="false" >
191-->[com.google.android.datatransport:transport-backend-cct:3.1.8] AndroidManifest.xml:30:13-37
192            <meta-data
192-->[com.google.android.datatransport:transport-backend-cct:3.1.8] AndroidManifest.xml:31:13-33:39
193                android:name="backend:com.google.android.datatransport.cct.CctBackendFactory"
193-->[com.google.android.datatransport:transport-backend-cct:3.1.8] AndroidManifest.xml:32:17-94
194                android:value="cct" />
194-->[com.google.android.datatransport:transport-backend-cct:3.1.8] AndroidManifest.xml:33:17-36
195        </service>
196        <service
196-->[com.google.android.datatransport:transport-runtime:3.1.8] AndroidManifest.xml:26:9-30:19
197            android:name="com.google.android.datatransport.runtime.scheduling.jobscheduling.JobInfoSchedulerService"
197-->[com.google.android.datatransport:transport-runtime:3.1.8] AndroidManifest.xml:27:13-117
198            android:exported="false"
198-->[com.google.android.datatransport:transport-runtime:3.1.8] AndroidManifest.xml:28:13-37
199            android:permission="android.permission.BIND_JOB_SERVICE" >
199-->[com.google.android.datatransport:transport-runtime:3.1.8] AndroidManifest.xml:29:13-69
200        </service>
201
202        <receiver
202-->[com.google.android.datatransport:transport-runtime:3.1.8] AndroidManifest.xml:32:9-34:40
203            android:name="com.google.android.datatransport.runtime.scheduling.jobscheduling.AlarmManagerSchedulerBroadcastReceiver"
203-->[com.google.android.datatransport:transport-runtime:3.1.8] AndroidManifest.xml:33:13-132
204            android:exported="false" />
204-->[com.google.android.datatransport:transport-runtime:3.1.8] AndroidManifest.xml:34:13-37
205
206        <activity
206-->[com.google.firebase:firebase-auth:21.1.0] AndroidManifest.xml:27:9-44:20
207            android:name="com.google.firebase.auth.internal.GenericIdpActivity"
207-->[com.google.firebase:firebase-auth:21.1.0] AndroidManifest.xml:28:13-80
208            android:excludeFromRecents="true"
208-->[com.google.firebase:firebase-auth:21.1.0] AndroidManifest.xml:29:13-46
209            android:exported="true"
209-->[com.google.firebase:firebase-auth:21.1.0] AndroidManifest.xml:30:13-36
210            android:launchMode="singleTask"
210-->[com.google.firebase:firebase-auth:21.1.0] AndroidManifest.xml:31:13-44
211            android:theme="@android:style/Theme.Translucent.NoTitleBar" >
211-->[com.google.firebase:firebase-auth:21.1.0] AndroidManifest.xml:32:13-72
212            <intent-filter>
212-->[com.google.firebase:firebase-auth:21.1.0] AndroidManifest.xml:33:13-43:29
213                <action android:name="android.intent.action.VIEW" />
213-->[com.google.firebase:firebase-auth:21.1.0] AndroidManifest.xml:34:17-69
213-->[com.google.firebase:firebase-auth:21.1.0] AndroidManifest.xml:34:25-66
214
215                <category android:name="android.intent.category.DEFAULT" />
215-->src\main\AndroidManifest.xml:34:17-76
215-->src\main\AndroidManifest.xml:34:27-73
216                <category android:name="android.intent.category.BROWSABLE" />
216-->[com.google.firebase:firebase-auth:21.1.0] AndroidManifest.xml:37:17-78
216-->[com.google.firebase:firebase-auth:21.1.0] AndroidManifest.xml:37:27-75
217
218                <data
218-->[com.google.firebase:firebase-auth:21.1.0] AndroidManifest.xml:39:17-42:51
219                    android:host="firebase.auth"
219-->[com.google.firebase:firebase-auth:21.1.0] AndroidManifest.xml:40:21-49
220                    android:path="/"
220-->[com.google.firebase:firebase-auth:21.1.0] AndroidManifest.xml:41:21-37
221                    android:scheme="genericidp" />
221-->[com.google.firebase:firebase-auth:21.1.0] AndroidManifest.xml:42:21-48
222            </intent-filter>
223        </activity>
224        <activity
224-->[com.google.firebase:firebase-auth:21.1.0] AndroidManifest.xml:45:9-62:20
225            android:name="com.google.firebase.auth.internal.RecaptchaActivity"
225-->[com.google.firebase:firebase-auth:21.1.0] AndroidManifest.xml:46:13-79
226            android:excludeFromRecents="true"
226-->[com.google.firebase:firebase-auth:21.1.0] AndroidManifest.xml:47:13-46
227            android:exported="true"
227-->[com.google.firebase:firebase-auth:21.1.0] AndroidManifest.xml:48:13-36
228            android:launchMode="singleTask"
228-->[com.google.firebase:firebase-auth:21.1.0] AndroidManifest.xml:49:13-44
229            android:theme="@android:style/Theme.Translucent.NoTitleBar" >
229-->[com.google.firebase:firebase-auth:21.1.0] AndroidManifest.xml:50:13-72
230            <intent-filter>
230-->[com.google.firebase:firebase-auth:21.1.0] AndroidManifest.xml:51:13-61:29
231                <action android:name="android.intent.action.VIEW" />
231-->[com.google.firebase:firebase-auth:21.1.0] AndroidManifest.xml:34:17-69
231-->[com.google.firebase:firebase-auth:21.1.0] AndroidManifest.xml:34:25-66
232
233                <category android:name="android.intent.category.DEFAULT" />
233-->src\main\AndroidManifest.xml:34:17-76
233-->src\main\AndroidManifest.xml:34:27-73
234                <category android:name="android.intent.category.BROWSABLE" />
234-->[com.google.firebase:firebase-auth:21.1.0] AndroidManifest.xml:37:17-78
234-->[com.google.firebase:firebase-auth:21.1.0] AndroidManifest.xml:37:27-75
235
236                <data
236-->[com.google.firebase:firebase-auth:21.1.0] AndroidManifest.xml:39:17-42:51
237                    android:host="firebase.auth"
237-->[com.google.firebase:firebase-auth:21.1.0] AndroidManifest.xml:40:21-49
238                    android:path="/"
238-->[com.google.firebase:firebase-auth:21.1.0] AndroidManifest.xml:41:21-37
239                    android:scheme="recaptcha" />
239-->[com.google.firebase:firebase-auth:21.1.0] AndroidManifest.xml:42:21-48
240            </intent-filter>
241        </activity>
242
243        <provider
243-->[com.google.firebase:firebase-common:20.2.0] AndroidManifest.xml:25:9-30:39
244            android:name="com.google.firebase.provider.FirebaseInitProvider"
244-->[com.google.firebase:firebase-common:20.2.0] AndroidManifest.xml:26:13-77
245            android:authorities="com.deliveryboy.multivendor.firebaseinitprovider"
245-->[com.google.firebase:firebase-common:20.2.0] AndroidManifest.xml:27:13-72
246            android:directBootAware="true"
246-->[com.google.firebase:firebase-common:20.2.0] AndroidManifest.xml:28:13-43
247            android:exported="false"
247-->[com.google.firebase:firebase-common:20.2.0] AndroidManifest.xml:29:13-37
248            android:initOrder="100" />
248-->[com.google.firebase:firebase-common:20.2.0] AndroidManifest.xml:30:13-36
249
250        <activity
250-->[com.google.android.gms:play-services-auth:19.2.0] AndroidManifest.xml:23:9-27:75
251            android:name="com.google.android.gms.auth.api.signin.internal.SignInHubActivity"
251-->[com.google.android.gms:play-services-auth:19.2.0] AndroidManifest.xml:24:13-93
252            android:excludeFromRecents="true"
252-->[com.google.android.gms:play-services-auth:19.2.0] AndroidManifest.xml:25:13-46
253            android:exported="false"
253-->[com.google.android.gms:play-services-auth:19.2.0] AndroidManifest.xml:26:13-37
254            android:theme="@android:style/Theme.Translucent.NoTitleBar" />
254-->[com.google.android.gms:play-services-auth:19.2.0] AndroidManifest.xml:27:13-72
255        <!--
256            Service handling Google Sign-In user revocation. For apps that do not integrate with
257            Google Sign-In, this service will never be started.
258        -->
259        <service
259-->[com.google.android.gms:play-services-auth:19.2.0] AndroidManifest.xml:33:9-37:51
260            android:name="com.google.android.gms.auth.api.signin.RevocationBoundService"
260-->[com.google.android.gms:play-services-auth:19.2.0] AndroidManifest.xml:34:13-89
261            android:exported="true"
261-->[com.google.android.gms:play-services-auth:19.2.0] AndroidManifest.xml:35:13-36
262            android:permission="com.google.android.gms.auth.api.signin.permission.REVOCATION_NOTIFICATION"
262-->[com.google.android.gms:play-services-auth:19.2.0] AndroidManifest.xml:36:13-107
263            android:visibleToInstantApps="true" />
263-->[com.google.android.gms:play-services-auth:19.2.0] AndroidManifest.xml:37:13-48
264
265        <receiver
265-->[com.google.android.gms:play-services-measurement:21.2.0] AndroidManifest.xml:29:9-33:20
266            android:name="com.google.android.gms.measurement.AppMeasurementReceiver"
266-->[com.google.android.gms:play-services-measurement:21.2.0] AndroidManifest.xml:30:13-85
267            android:enabled="true"
267-->[com.google.android.gms:play-services-measurement:21.2.0] AndroidManifest.xml:31:13-35
268            android:exported="false" >
268-->[com.google.android.gms:play-services-measurement:21.2.0] AndroidManifest.xml:32:13-37
269        </receiver>
270
271        <service
271-->[com.google.android.gms:play-services-measurement:21.2.0] AndroidManifest.xml:35:9-38:40
272            android:name="com.google.android.gms.measurement.AppMeasurementService"
272-->[com.google.android.gms:play-services-measurement:21.2.0] AndroidManifest.xml:36:13-84
273            android:enabled="true"
273-->[com.google.android.gms:play-services-measurement:21.2.0] AndroidManifest.xml:37:13-35
274            android:exported="false" />
274-->[com.google.android.gms:play-services-measurement:21.2.0] AndroidManifest.xml:38:13-37
275        <service
275-->[com.google.android.gms:play-services-measurement:21.2.0] AndroidManifest.xml:39:9-43:72
276            android:name="com.google.android.gms.measurement.AppMeasurementJobService"
276-->[com.google.android.gms:play-services-measurement:21.2.0] AndroidManifest.xml:40:13-87
277            android:enabled="true"
277-->[com.google.android.gms:play-services-measurement:21.2.0] AndroidManifest.xml:41:13-35
278            android:exported="false"
278-->[com.google.android.gms:play-services-measurement:21.2.0] AndroidManifest.xml:42:13-37
279            android:permission="android.permission.BIND_JOB_SERVICE" />